# JRE version: Java(TM) SE Runtime Environment (8.0_191-b12) (build 1.8.0_191-b12)
# Java VM: Java HotSpot(TM) Client VM (25.191-b12 mixed mode windows-x86 )
Heap:
 def new generation   total 157248K, used 107667K [0x05600000, 0x100a0000, 0x100a0000)
  eden space 139776K,  77% used [0x05600000, 0x0bf24d20, 0x0de80000)
  from space 17472K,   0% used [0x0de80000, 0x0de80000, 0x0ef90000)
  to   space 17472K,   0% used [0x0ef90000, 0x0ef90000, 0x100a0000)
 tenured generation   total 349568K, used 349567K [0x100a0000, 0x25600000, 0x25600000)
   the space 349568K,  99% used [0x100a0000, 0x255fffc8, 0x25600000, 0x25600000)
 Metaspace       used 22329K, capacity 22810K, committed 22912K, reserved 22912K
GC Heap History (10 events):
Event: 18042.075 GC heap before
{Heap before GC invocations=250 (full 13):
 def new generation   total 152640K, used 135680K [0x05600000, 0x0fba0000, 0x100a0000)
  eden space 135680K, 100% used [0x05600000, 0x0da80000, 0x0da80000)
  from space 16960K,   0% used [0x0da80000, 0x0da80000, 0x0eb10000)
  to   space 16960K,   0% used [0x0eb10000, 0x0eb10000, 0x0fba0000)
 tenured generation   total 339092K, used 203452K [0x100a0000, 0x24bc5000, 0x25600000)
   the space 339092K,  59% used [0x100a0000, 0x1c74f338, 0x1c74f400, 0x24bc5000)
 Metaspace       used 22331K, capacity 22813K, committed 22912K, reserved 22912K
Event: 18042.148 GC heap after
Heap after GC invocations=251 (full 13):
 def new generation   total 152640K, used 16959K [0x05600000, 0x0fba0000, 0x100a0000)
  eden space 135680K,   0% used [0x05600000, 0x05600000, 0x0da80000)
  from space 16960K,  99% used [0x0eb10000, 0x0fb9fff8, 0x0fba0000)
  to   space 16960K,   0% used [0x0da80000, 0x0da80000, 0x0eb10000)
 tenured generation   total 339092K, used 247904K [0x100a0000, 0x24bc5000, 0x25600000)
   the space 339092K,  73% used [0x100a0000, 0x1f2b8328, 0x1f2b8400, 0x24bc5000)
 Metaspace       used 22331K, capacity 22813K, committed 22912K, reserved 22912K
}
Event: 18043.019 GC heap before
{Heap before GC invocations=251 (full 13):
 def new generation   total 152640K, used 152639K [0x05600000, 0x0fba0000, 0x100a0000)
  eden space 135680K, 100% used [0x05600000, 0x0da80000, 0x0da80000)
  from space 16960K,  99% used [0x0eb10000, 0x0fb9fff8, 0x0fba0000)
  to   space 16960K,   0% used [0x0da80000, 0x0da80000, 0x0eb10000)
 tenured generation   total 339092K, used 247904K [0x100a0000, 0x24bc5000, 0x25600000)
   the space 339092K,  73% used [0x100a0000, 0x1f2b8328, 0x1f2b8400, 0x24bc5000)
 Metaspace       used 22331K, capacity 22813K, committed 22912K, reserved 22912K
Event: 18043.107 GC heap after
Heap after GC invocations=252 (full 13):
 def new generation   total 152640K, used 16960K [0x05600000, 0x0fba0000, 0x100a0000)
  eden space 135680K,   0% used [0x05600000, 0x05600000, 0x0da80000)
  from space 16960K, 100% used [0x0da80000, 0x0eb10000, 0x0eb10000)
  to   space 16960K,   0% used [0x0eb10000, 0x0eb10000, 0x0fba0000)
 tenured generation   total 339092K, used 307638K [0x100a0000, 0x24bc5000, 0x25600000)
   the space 339092K,  90% used [0x100a0000, 0x22d0d8d8, 0x22d0da00, 0x24bc5000)
 Metaspace       used 22331K, capacity 22813K, committed 22912K, reserved 22912K
}
Event: 18044.035 GC heap before
{Heap before GC invocations=252 (full 13):
 def new generation   total 152640K, used 152640K [0x05600000, 0x0fba0000, 0x100a0000)
  eden space 135680K, 100% used [0x05600000, 0x0da80000, 0x0da80000)
  from space 16960K, 100% used [0x0da80000, 0x0eb10000, 0x0eb10000)
  to   space 16960K,   0% used [0x0eb10000, 0x0eb10000, 0x0fba0000)
 tenured generation   total 339092K, used 307638K [0x100a0000, 0x24bc5000, 0x25600000)
   the space 339092K,  90% used [0x100a0000, 0x22d0d8d8, 0x22d0da00, 0x24bc5000)
 Metaspace       used 22331K, capacity 22813K, committed 22912K, reserved 22912K
Event: 18044.364 GC heap after
Heap after GC invocations=253 (full 14):
 def new generation   total 157248K, used 44888K [0x05600000, 0x100a0000, 0x100a0000)
  eden space 139776K,  32% used [0x05600000, 0x081d63f0, 0x0de80000)
  from space 17472K,   0% used [0x0de80000, 0x0de80000, 0x0ef90000)
  to   space 17472K,   0% used [0x0ef90000, 0x0ef90000, 0x100a0000)
 tenured generation   total 349568K, used 339091K [0x100a0000, 0x25600000, 0x25600000)
   the space 349568K,  97% used [0x100a0000, 0x24bc4f30, 0x24bc5000, 0x25600000)
 Metaspace       used 22331K, capacity 22813K, committed 22912K, reserved 22912K
}
Event: 18045.152 GC heap before
{Heap before GC invocations=253 (full 14):
 def new generation   total 157248K, used 157248K [0x05600000, 0x100a0000, 0x100a0000)
  eden space 139776K, 100% used [0x05600000, 0x0de80000, 0x0de80000)
  from space 17472K, 100% used [0x0de80000, 0x0ef90000, 0x0ef90000)
  to   space 17472K,   0% used [0x0ef90000, 0x0ef90000, 0x100a0000)
 tenured generation   total 349568K, used 349567K [0x100a0000, 0x25600000, 0x25600000)
   the space 349568K,  99% used [0x100a0000, 0x255fffe0, 0x25600000, 0x25600000)
 Metaspace       used 22331K, capacity 22813K, committed 22912K, reserved 22912K
Event: 18045.552 GC heap after
Heap after GC invocations=254 (full 15):
 def new generation   total 157248K, used 93750K [0x05600000, 0x100a0000, 0x100a0000)
  eden space 139776K,  67% used [0x05600000, 0x0b18d810, 0x0de80000)
  from space 17472K,   0% used [0x0de80000, 0x0de80000, 0x0ef90000)
  to   space 17472K,   0% used [0x0ef90000, 0x0ef90000, 0x100a0000)
 tenured generation   total 349568K, used 349567K [0x100a0000, 0x25600000, 0x25600000)
   the space 349568K,  99% used [0x100a0000, 0x255fffe8, 0x25600000, 0x25600000)
 Metaspace       used 22329K, capacity 22810K, committed 22912K, reserved 22912K
}
Event: 18046.061 GC heap before
{Heap before GC invocations=254 (full 15):
 def new generation   total 157248K, used 157248K [0x05600000, 0x100a0000, 0x100a0000)
  eden space 139776K, 100% used [0x05600000, 0x0de80000, 0x0de80000)
  from space 17472K, 100% used [0x0de80000, 0x0ef90000, 0x0ef90000)
  to   space 17472K,   0% used [0x0ef90000, 0x0ef90000, 0x100a0000)
 tenured generation   total 349568K, used 349568K [0x100a0000, 0x25600000, 0x25600000)
   the space 349568K, 100% used [0x100a0000, 0x25600000, 0x25600000, 0x25600000)
 Metaspace       used 22329K, capacity 22810K, committed 22912K, reserved 22912K
Event: 18046.534 GC heap after
Heap after GC invocations=255 (full 16):
 def new generation   total 157248K, used 103259K [0x05600000, 0x100a0000, 0x100a0000)
  eden space 139776K,  73% used [0x05600000, 0x0bad6d70, 0x0de80000)
  from space 17472K,   0% used [0x0de80000, 0x0de80000, 0x0ef90000)
  to   space 17472K,   0% used [0x0ef90000, 0x0ef90000, 0x100a0000)
 tenured generation   total 349568K, used 349567K [0x100a0000, 0x25600000, 0x25600000)
   the space 349568K,  99% used [0x100a0000, 0x255fffc8, 0x25600000, 0x25600000)
 Metaspace       used 22329K, capacity 22810K, committed 22912K, reserved 22912K
}

